State 6 conflicts: 1 shift/reduce


Grammar

    0 $accept: expresion $end

    1 expresion: FLOAT
    2          | INT
    3          | expresion SUMA expresion


Terminals, with rules where they appear

$end (0) 0
error (256)
FLOAT (258) 1
INT (259) 2
SUMA (260) 3


Nonterminals, with rules where they appear

$accept (6)
    on left: 0
expresion (7)
    on left: 1 2 3, on right: 0 3


state 0

    0 $accept: . expresion $end

    FLOAT  shift, and go to state 1
    INT    shift, and go to state 2

    expresion  go to state 3


state 1

    1 expresion: FLOAT .

    $default  reduce using rule 1 (expresion)


state 2

    2 expresion: INT .

    $default  reduce using rule 2 (expresion)


state 3

    0 $accept: expresion . $end
    3 expresion: expresion . SUMA expresion

    $end  shift, and go to state 4
    SUMA  shift, and go to state 5


state 4

    0 $accept: expresion $end .

    $default  accept


state 5

    3 expresion: expresion SUMA . expresion

    FLOAT  shift, and go to state 1
    INT    shift, and go to state 2

    expresion  go to state 6


state 6

    3 expresion: expresion . SUMA expresion
    3          | expresion SUMA expresion .

    SUMA  shift, and go to state 5

    SUMA      [reduce using rule 3 (expresion)]
    $default  reduce using rule 3 (expresion)
